[debug] [2024-11-08T17:32:44.509Z] ----------------------------------------------------------------------
[debug] [2024-11-08T17:32:44.514Z] Command:       C:\Program Files\nodejs\node.exe C:\Users\krossi\AppData\Roaming\npm\node_modules\firebase-tools\lib\bin\firebase.js init
[debug] [2024-11-08T17:32:44.515Z] CLI Version:   13.22.0
[debug] [2024-11-08T17:32:44.515Z] Platform:      win32
[debug] [2024-11-08T17:32:44.515Z] Node Version:  v20.17.0
[debug] [2024-11-08T17:32:44.515Z] Time:          Fri Nov 08 2024 20:32:44 GMT+0300 (Москва, стандартное время)
[debug] [2024-11-08T17:32:44.515Z] ----------------------------------------------------------------------
[debug] 
[debug] [2024-11-08T17:32:44.521Z] >>> [apiv2][query] GET https://firebase-public.firebaseio.com/cli.json [none]
[debug] [2024-11-08T17:32:44.666Z] > command requires scopes: ["email","openid","https://www.googleapis.com/auth/cloudplatformprojects.readonly","https://www.googleapis.com/auth/firebase","https://www.googleapis.com/auth/cloud-platform"]
[debug] [2024-11-08T17:32:44.666Z] > authorizing via signed-in user (arslanalieva4@gmail.com)
[info] 
     ######## #### ########  ######## ########     ###     ######  ########
     ##        ##  ##     ## ##       ##     ##  ##   ##  ##       ##
     ######    ##  ########  ######   ########  #########  ######  ######
     ##        ##  ##    ##  ##       ##     ## ##     ##       ## ##
     ##       #### ##     ## ######## ########  ##     ##  ######  ########

You're about to initialize a Firebase project in this directory:

  C:\Users\krossi\project-service

Before we get started, keep in mind:

  * You are initializing within an existing Firebase project directory

[debug] [2024-11-08T17:32:46.380Z] <<< [apiv2][status] GET https://firebase-public.firebaseio.com/cli.json 200
[debug] [2024-11-08T17:32:46.380Z] <<< [apiv2][body] GET https://firebase-public.firebaseio.com/cli.json {"cloudBuildErrorAfter":1594252800000,"cloudBuildWarnAfter":1590019200000,"defaultNode10After":1594252800000,"minVersion":"3.0.5","node8DeploysDisabledAfter":1613390400000,"node8RuntimeDisabledAfter":1615809600000,"node8WarnAfter":1600128000000}
[info] 
=== Project Setup
[info] 
[info] First, let's associate this project directory with a Firebase project.
[info] You can create multiple project aliases by running firebase use --add, 
[info] but for now we'll just set up a default project.
[info] 
[debug] [2024-11-08T17:33:57.533Z] Using project from CLI flag: autoservicebull
[debug] [2024-11-08T17:33:57.534Z] Checked if tokens are valid: false, expires at: 1729452779212
[debug] [2024-11-08T17:33:57.534Z] Checked if tokens are valid: false, expires at: 1729452779212
[debug] [2024-11-08T17:33:57.535Z] > refreshing access token with scopes: []
[debug] [2024-11-08T17:33:57.538Z] >>> [apiv2][query] POST https://www.googleapis.com/oauth2/v3/token [none]
[debug] [2024-11-08T17:33:57.538Z] >>> [apiv2][body] POST https://www.googleapis.com/oauth2/v3/token [omitted]
[debug] [2024-11-08T17:33:58.045Z] <<< [apiv2][status] POST https://www.googleapis.com/oauth2/v3/token 200
[debug] [2024-11-08T17:33:58.045Z] <<< [apiv2][body] POST https://www.googleapis.com/oauth2/v3/token [omitted]
[debug] [2024-11-08T17:33:58.061Z] >>> [apiv2][query] GET https://firebase.googleapis.com/v1beta1/projects/autoservicebull [none]
[debug] [2024-11-08T17:34:28.080Z] *** [apiv2] error from fetch(https://firebase.googleapis.com/v1beta1/projects/autoservicebull, {"headers":{},"method":"GET","signal":{}}): AbortError: The user aborted a request.
[debug] [2024-11-08T17:34:28.080Z] Timeout reached making request to https://firebase.googleapis.com/v1beta1/projects/autoservicebull (original: The user aborted a request.)
[debug] [2024-11-08T17:34:28.894Z] FirebaseError: Timeout reached making request to https://firebase.googleapis.com/v1beta1/projects/autoservicebull
    at RetryOperation._fn (C:\Users\krossi\AppData\Roaming\npm\node_modules\firebase-tools\lib\apiv2.js:257:35)
    at process.processTicksAndRejections (node:internal/process/task_queues:95:5)
[error] 
[error] Error: Failed to get Firebase project autoservicebull. Please make sure the project exists and your account has permission to access it.
